# JRE version: OpenJDK Runtime Environment Temurin-21.0.10+7 (21.0.10+7) (build 21.0.10+7-LTS)
# Java VM: OpenJDK 64-Bit Server VM Temurin-21.0.10+7 (21.0.10+7-LTS, mixed mode, sharing, tiered, compressed oops, compressed class ptrs, parallel gc, windows-amd64)
GC Precious Log:
 CardTable entry size: 512
 CPUs: 8 total, 8 available
 Memory: 8006M
 Large Page Support: Disabled
 NUMA Support: Disabled
 Compressed Oops: Enabled (32-bit)
 Alignments: Space 512K, Generation 512K, Heap 2M
 Heap Min Capacity: 100M
 Heap Initial Capacity: 100M
 Heap Max Capacity: 2G
 Pre-touch: Disabled
 Parallel Workers: 8
Heap:
 PSYoungGen      total 3584K, used 3002K [0x00000000d5580000, 0x00000000d5a00000, 0x0000000100000000)
  eden space 3072K, 89% used [0x00000000d5580000,0x00000000d582ea68,0x00000000d5880000)
  from space 512K, 50% used [0x00000000d5900000,0x00000000d5940000,0x00000000d5980000)
  to   space 512K, 0% used [0x00000000d5980000,0x00000000d5980000,0x00000000d5a00000)
 ParOldGen       total 194560K, used 115887K [0x0000000080000000, 0x000000008be00000, 0x00000000d5580000)
  object space 194560K, 59% used [0x0000000080000000,0x000000008712bd20,0x000000008be00000)
 Metaspace       used 65063K, committed 66496K, reserved 1114112K
  class space    used 6644K, committed 7232K, reserved 1048576K
GC Heap History (20 events):
Event: 162.479 GC heap before
{Heap before GC invocations=375 (full 3):
 PSYoungGen      total 3584K, used 3571K [0x00000000d5580000, 0x00000000d5a80000, 0x0000000100000000)
  eden space 3072K, 100% used [0x00000000d5580000,0x00000000d5880000,0x00000000d5880000)
  from space 512K, 97% used [0x00000000d5900000,0x00000000d597cf10,0x00000000d5980000)
  to   space 1024K, 0% used [0x00000000d5980000,0x00000000d5980000,0x00000000d5a80000)
 ParOldGen       total 194560K, used 113321K [0x0000000080000000, 0x000000008be00000, 0x00000000d5580000)
  object space 194560K, 58% used [0x0000000080000000,0x0000000086eaa678,0x000000008be00000)
 Metaspace       used 64724K, committed 66176K, reserved 1114112K
  class space    used 6607K, committed 7232K, reserved 1048576K
}
Event: 162.482 GC heap after
{Heap after GC invocations=375 (full 3):
 PSYoungGen      total 4096K, used 544K [0x00000000d5580000, 0x00000000d5a80000, 0x0000000100000000)
  eden space 3072K, 0% used [0x00000000d5580000,0x00000000d5580000,0x00000000d5880000)
  from space 1024K, 53% used [0x00000000d5980000,0x00000000d5a08000,0x00000000d5a80000)
  to   space 1024K, 0% used [0x00000000d5880000,0x00000000d5880000,0x00000000d5980000)
 ParOldGen       total 194560K, used 113679K [0x0000000080000000, 0x000000008be00000, 0x00000000d5580000)
  object space 194560K, 58% used [0x0000000080000000,0x0000000086f03c78,0x000000008be00000)
 Metaspace       used 64724K, committed 66176K, reserved 1114112K
  class space    used 6607K, committed 7232K, reserved 1048576K
}
Event: 162.549 GC heap before
{Heap before GC invocations=376 (full 3):
 PSYoungGen      total 4096K, used 3616K [0x00000000d5580000, 0x00000000d5a80000, 0x0000000100000000)
  eden space 3072K, 100% used [0x00000000d5580000,0x00000000d5880000,0x00000000d5880000)
  from space 1024K, 53% used [0x00000000d5980000,0x00000000d5a08000,0x00000000d5a80000)
  to   space 1024K, 0% used [0x00000000d5880000,0x00000000d5880000,0x00000000d5980000)
 ParOldGen       total 194560K, used 113679K [0x0000000080000000, 0x000000008be00000, 0x00000000d5580000)
  object space 194560K, 58% used [0x0000000080000000,0x0000000086f03c78,0x000000008be00000)
 Metaspace       used 64759K, committed 66240K, reserved 1114112K
  class space    used 6613K, committed 7232K, reserved 1048576K
}
Event: 162.552 GC heap after
{Heap after GC invocations=376 (full 3):
 PSYoungGen      total 4096K, used 224K [0x00000000d5580000, 0x00000000d5a00000, 0x0000000100000000)
  eden space 3072K, 0% used [0x00000000d5580000,0x00000000d5580000,0x00000000d5880000)
  from space 1024K, 21% used [0x00000000d5880000,0x00000000d58b8000,0x00000000d5980000)
  to   space 512K, 0% used [0x00000000d5980000,0x00000000d5980000,0x00000000d5a00000)
 ParOldGen       total 194560K, used 114095K [0x0000000080000000, 0x000000008be00000, 0x00000000d5580000)
  object space 194560K, 58% used [0x0000000080000000,0x0000000086f6bc88,0x000000008be00000)
 Metaspace       used 64759K, committed 66240K, reserved 1114112K
  class space    used 6613K, committed 7232K, reserved 1048576K
}
Event: 162.756 GC heap before
{Heap before GC invocations=377 (full 3):
 PSYoungGen      total 4096K, used 3295K [0x00000000d5580000, 0x00000000d5a00000, 0x0000000100000000)
  eden space 3072K, 99% used [0x00000000d5580000,0x00000000d587fff8,0x00000000d5880000)
  from space 1024K, 21% used [0x00000000d5880000,0x00000000d58b8000,0x00000000d5980000)
  to   space 512K, 0% used [0x00000000d5980000,0x00000000d5980000,0x00000000d5a00000)
 ParOldGen       total 194560K, used 114095K [0x0000000080000000, 0x000000008be00000, 0x00000000d5580000)
  object space 194560K, 58% used [0x0000000080000000,0x0000000086f6bc88,0x000000008be00000)
 Metaspace       used 64776K, committed 66240K, reserved 1114112K
  class space    used 6613K, committed 7232K, reserved 1048576K
}
Event: 162.758 GC heap after
{Heap after GC invocations=377 (full 3):
 PSYoungGen      total 3584K, used 500K [0x00000000d5580000, 0x00000000d5a80000, 0x0000000100000000)
  eden space 3072K, 0% used [0x00000000d5580000,0x00000000d5580000,0x00000000d5880000)
  from space 512K, 97% used [0x00000000d5980000,0x00000000d59fd200,0x00000000d5a00000)
  to   space 1024K, 0% used [0x00000000d5880000,0x00000000d5880000,0x00000000d5980000)
 ParOldGen       total 194560K, used 114223K [0x0000000080000000, 0x000000008be00000, 0x00000000d5580000)
  object space 194560K, 58% used [0x0000000080000000,0x0000000086f8bc88,0x000000008be00000)
 Metaspace       used 64776K, committed 66240K, reserved 1114112K
  class space    used 6613K, committed 7232K, reserved 1048576K
}
Event: 162.828 GC heap before
{Heap before GC invocations=378 (full 3):
 PSYoungGen      total 3584K, used 3572K [0x00000000d5580000, 0x00000000d5a80000, 0x0000000100000000)
  eden space 3072K, 99% used [0x00000000d5580000,0x00000000d587fff0,0x00000000d5880000)
  from space 512K, 97% used [0x00000000d5980000,0x00000000d59fd200,0x00000000d5a00000)
  to   space 1024K, 0% used [0x00000000d5880000,0x00000000d5880000,0x00000000d5980000)
 ParOldGen       total 194560K, used 114223K [0x0000000080000000, 0x000000008be00000, 0x00000000d5580000)
  object space 194560K, 58% used [0x0000000080000000,0x0000000086f8bc88,0x000000008be00000)
 Metaspace       used 64783K, committed 66240K, reserved 1114112K
  class space    used 6613K, committed 7232K, reserved 1048576K
}
Event: 162.829 GC heap after
{Heap after GC invocations=378 (full 3):
 PSYoungGen      total 4096K, used 488K [0x00000000d5580000, 0x00000000d5a80000, 0x0000000100000000)
  eden space 3072K, 0% used [0x00000000d5580000,0x00000000d5580000,0x00000000d5880000)
  from space 1024K, 47% used [0x00000000d5880000,0x00000000d58fa030,0x00000000d5980000)
  to   space 1024K, 0% used [0x00000000d5980000,0x00000000d5980000,0x00000000d5a80000)
 ParOldGen       total 194560K, used 114667K [0x0000000080000000, 0x000000008be00000, 0x00000000d5580000)
  object space 194560K, 58% used [0x0000000080000000,0x0000000086ffae88,0x000000008be00000)
 Metaspace       used 64783K, committed 66240K, reserved 1114112K
  class space    used 6613K, committed 7232K, reserved 1048576K
}
Event: 162.887 GC heap before
{Heap before GC invocations=379 (full 3):
 PSYoungGen      total 4096K, used 3548K [0x00000000d5580000, 0x00000000d5a80000, 0x0000000100000000)
  eden space 3072K, 99% used [0x00000000d5580000,0x00000000d587d130,0x00000000d5880000)
  from space 1024K, 47% used [0x00000000d5880000,0x00000000d58fa030,0x00000000d5980000)
  to   space 1024K, 0% used [0x00000000d5980000,0x00000000d5980000,0x00000000d5a80000)
 ParOldGen       total 194560K, used 114667K [0x0000000080000000, 0x000000008be00000, 0x00000000d5580000)
  object space 194560K, 58% used [0x0000000080000000,0x0000000086ffae88,0x000000008be00000)
 Metaspace       used 64786K, committed 66240K, reserved 1114112K
  class space    used 6613K, committed 7232K, reserved 1048576K
}
Event: 162.888 GC heap after
{Heap after GC invocations=379 (full 3):
 PSYoungGen      total 3584K, used 406K [0x00000000d5580000, 0x00000000d5a00000, 0x0000000100000000)
  eden space 3072K, 0% used [0x00000000d5580000,0x00000000d5580000,0x00000000d5880000)
  from space 512K, 79% used [0x00000000d5980000,0x00000000d59e5828,0x00000000d5a00000)
  to   space 512K, 0% used [0x00000000d5900000,0x00000000d5900000,0x00000000d5980000)
 ParOldGen       total 194560K, used 115639K [0x0000000080000000, 0x000000008be00000, 0x00000000d5580000)
  object space 194560K, 59% used [0x0000000080000000,0x00000000870edd20,0x000000008be00000)
 Metaspace       used 64786K, committed 66240K, reserved 1114112K
  class space    used 6613K, committed 7232K, reserved 1048576K
}
Event: 162.938 GC heap before
{Heap before GC invocations=380 (full 3):
 PSYoungGen      total 3584K, used 3478K [0x00000000d5580000, 0x00000000d5a00000, 0x0000000100000000)
  eden space 3072K, 100% used [0x00000000d5580000,0x00000000d5880000,0x00000000d5880000)
  from space 512K, 79% used [0x00000000d5980000,0x00000000d59e5828,0x00000000d5a00000)
  to   space 512K, 0% used [0x00000000d5900000,0x00000000d5900000,0x00000000d5980000)
 ParOldGen       total 194560K, used 115639K [0x0000000080000000, 0x000000008be00000, 0x00000000d5580000)
  object space 194560K, 59% used [0x0000000080000000,0x00000000870edd20,0x000000008be00000)
 Metaspace       used 64787K, committed 66240K, reserved 1114112K
  class space    used 6613K, committed 7232K, reserved 1048576K
}
Event: 162.939 GC heap after
{Heap after GC invocations=380 (full 3):
 PSYoungGen      total 3584K, used 192K [0x00000000d5580000, 0x00000000d5a00000, 0x0000000100000000)
  eden space 3072K, 0% used [0x00000000d5580000,0x00000000d5580000,0x00000000d5880000)
  from space 512K, 37% used [0x00000000d5900000,0x00000000d5930000,0x00000000d5980000)
  to   space 512K, 0% used [0x00000000d5980000,0x00000000d5980000,0x00000000d5a00000)
 ParOldGen       total 194560K, used 115679K [0x0000000080000000, 0x000000008be00000, 0x00000000d5580000)
  object space 194560K, 59% used [0x0000000080000000,0x00000000870f7d20,0x000000008be00000)
 Metaspace       used 64787K, committed 66240K, reserved 1114112K
  class space    used 6613K, committed 7232K, reserved 1048576K
}
Event: 163.173 GC heap before
{Heap before GC invocations=381 (full 3):
 PSYoungGen      total 3584K, used 3247K [0x00000000d5580000, 0x00000000d5a00000, 0x0000000100000000)
  eden space 3072K, 99% used [0x00000000d5580000,0x00000000d587bfe8,0x00000000d5880000)
  from space 512K, 37% used [0x00000000d5900000,0x00000000d5930000,0x00000000d5980000)
  to   space 512K, 0% used [0x00000000d5980000,0x00000000d5980000,0x00000000d5a00000)
 ParOldGen       total 194560K, used 115679K [0x0000000080000000, 0x000000008be00000, 0x00000000d5580000)
  object space 194560K, 59% used [0x0000000080000000,0x00000000870f7d20,0x000000008be00000)
 Metaspace       used 64800K, committed 66240K, reserved 1114112K
  class space    used 6615K, committed 7232K, reserved 1048576K
}
Event: 163.175 GC heap after
{Heap after GC invocations=381 (full 3):
 PSYoungGen      total 3584K, used 373K [0x00000000d5580000, 0x00000000d5a00000, 0x0000000100000000)
  eden space 3072K, 0% used [0x00000000d5580000,0x00000000d5580000,0x00000000d5880000)
  from space 512K, 72% used [0x00000000d5980000,0x00000000d59dd6e8,0x00000000d5a00000)
  to   space 512K, 0% used [0x00000000d5900000,0x00000000d5900000,0x00000000d5980000)
 ParOldGen       total 194560K, used 115711K [0x0000000080000000, 0x000000008be00000, 0x00000000d5580000)
  object space 194560K, 59% used [0x0000000080000000,0x00000000870ffd20,0x000000008be00000)
 Metaspace       used 64800K, committed 66240K, reserved 1114112K
  class space    used 6615K, committed 7232K, reserved 1048576K
}
Event: 163.410 GC heap before
{Heap before GC invocations=382 (full 3):
 PSYoungGen      total 3584K, used 3445K [0x00000000d5580000, 0x00000000d5a00000, 0x0000000100000000)
  eden space 3072K, 100% used [0x00000000d5580000,0x00000000d5880000,0x00000000d5880000)
  from space 512K, 72% used [0x00000000d5980000,0x00000000d59dd6e8,0x00000000d5a00000)
  to   space 512K, 0% used [0x00000000d5900000,0x00000000d5900000,0x00000000d5980000)
 ParOldGen       total 194560K, used 115711K [0x0000000080000000, 0x000000008be00000, 0x00000000d5580000)
  object space 194560K, 59% used [0x0000000080000000,0x00000000870ffd20,0x000000008be00000)
 Metaspace       used 64802K, committed 66240K, reserved 1114112K
  class space    used 6615K, committed 7232K, reserved 1048576K
}
Event: 163.411 GC heap after
{Heap after GC invocations=382 (full 3):
 PSYoungGen      total 3584K, used 160K [0x00000000d5580000, 0x00000000d5a00000, 0x0000000100000000)
  eden space 3072K, 0% used [0x00000000d5580000,0x00000000d5580000,0x00000000d5880000)
  from space 512K, 31% used [0x00000000d5900000,0x00000000d5928000,0x00000000d5980000)
  to   space 512K, 0% used [0x00000000d5980000,0x00000000d5980000,0x00000000d5a00000)
 ParOldGen       total 194560K, used 115743K [0x0000000080000000, 0x000000008be00000, 0x00000000d5580000)
  object space 194560K, 59% used [0x0000000080000000,0x0000000087107d20,0x000000008be00000)
 Metaspace       used 64802K, committed 66240K, reserved 1114112K
  class space    used 6615K, committed 7232K, reserved 1048576K
}
Event: 164.303 GC heap before
{Heap before GC invocations=383 (full 3):
 PSYoungGen      total 3584K, used 3231K [0x00000000d5580000, 0x00000000d5a00000, 0x0000000100000000)
  eden space 3072K, 99% used [0x00000000d5580000,0x00000000d587ffd8,0x00000000d5880000)
  from space 512K, 31% used [0x00000000d5900000,0x00000000d5928000,0x00000000d5980000)
  to   space 512K, 0% used [0x00000000d5980000,0x00000000d5980000,0x00000000d5a00000)
 ParOldGen       total 194560K, used 115743K [0x0000000080000000, 0x000000008be00000, 0x00000000d5580000)
  object space 194560K, 59% used [0x0000000080000000,0x0000000087107d20,0x000000008be00000)
 Metaspace       used 64882K, committed 66304K, reserved 1114112K
  class space    used 6621K, committed 7232K, reserved 1048576K
}
Event: 164.304 GC heap after
{Heap after GC invocations=383 (full 3):
 PSYoungGen      total 3584K, used 224K [0x00000000d5580000, 0x00000000d5a00000, 0x0000000100000000)
  eden space 3072K, 0% used [0x00000000d5580000,0x00000000d5580000,0x00000000d5880000)
  from space 512K, 43% used [0x00000000d5980000,0x00000000d59b8000,0x00000000d5a00000)
  to   space 512K, 0% used [0x00000000d5900000,0x00000000d5900000,0x00000000d5980000)
 ParOldGen       total 194560K, used 115783K [0x0000000080000000, 0x000000008be00000, 0x00000000d5580000)
  object space 194560K, 59% used [0x0000000080000000,0x0000000087111d20,0x000000008be00000)
 Metaspace       used 64882K, committed 66304K, reserved 1114112K
  class space    used 6621K, committed 7232K, reserved 1048576K
}
Event: 191.292 GC heap before
{Heap before GC invocations=384 (full 3):
 PSYoungGen      total 3584K, used 3296K [0x00000000d5580000, 0x00000000d5a00000, 0x0000000100000000)
  eden space 3072K, 100% used [0x00000000d5580000,0x00000000d5880000,0x00000000d5880000)
  from space 512K, 43% used [0x00000000d5980000,0x00000000d59b8000,0x00000000d5a00000)
  to   space 512K, 0% used [0x00000000d5900000,0x00000000d5900000,0x00000000d5980000)
 ParOldGen       total 194560K, used 115783K [0x0000000080000000, 0x000000008be00000, 0x00000000d5580000)
  object space 194560K, 59% used [0x0000000080000000,0x0000000087111d20,0x000000008be00000)
 Metaspace       used 65031K, committed 66368K, reserved 1114112K
  class space    used 6643K, committed 7232K, reserved 1048576K
}
Event: 191.294 GC heap after
{Heap after GC invocations=384 (full 3):
 PSYoungGen      total 3584K, used 256K [0x00000000d5580000, 0x00000000d5a00000, 0x0000000100000000)
  eden space 3072K, 0% used [0x00000000d5580000,0x00000000d5580000,0x00000000d5880000)
  from space 512K, 50% used [0x00000000d5900000,0x00000000d5940000,0x00000000d5980000)
  to   space 512K, 0% used [0x00000000d5980000,0x00000000d5980000,0x00000000d5a00000)
 ParOldGen       total 194560K, used 115887K [0x0000000080000000, 0x000000008be00000, 0x00000000d5580000)
  object space 194560K, 59% used [0x0000000080000000,0x000000008712bd20,0x000000008be00000)
 Metaspace       used 65031K, committed 66368K, reserved 1114112K
  class space    used 6643K, committed 7232K, reserved 1048576K
}

