# JRE version: OpenJDK Runtime Environment Temurin-21.0.10+7 (21.0.10+7) (build 21.0.10+7-LTS)
# Java VM: OpenJDK 64-Bit Server VM Temurin-21.0.10+7 (21.0.10+7-LTS, mixed mode, sharing, tiered, compressed oops, compressed class ptrs, parallel gc, windows-amd64)
GC Precious Log:
 CardTable entry size: 512
 CPUs: 8 total, 8 available
 Memory: 8006M
 Large Page Support: Disabled
 NUMA Support: Disabled
 Compressed Oops: Enabled (32-bit)
 Alignments: Space 512K, Generation 512K, Heap 2M
 Heap Min Capacity: 100M
 Heap Initial Capacity: 100M
 Heap Max Capacity: 2G
 Pre-touch: Disabled
 Parallel Workers: 8
Heap:
 PSYoungGen      total 7168K, used 1369K [0x00000000d5580000, 0x00000000d5d00000, 0x0000000100000000)
  eden space 6144K, 19% used [0x00000000d5580000,0x00000000d56a6710,0x00000000d5b80000)
  from space 1024K, 18% used [0x00000000d5b80000,0x00000000d5bb0000,0x00000000d5c80000)
  to   space 512K, 0% used [0x00000000d5c80000,0x00000000d5c80000,0x00000000d5d00000)
 ParOldGen       total 1114624K, used 1001902K [0x0000000080000000, 0x00000000c4080000, 0x00000000d5580000)
  object space 1114624K, 89% used [0x0000000080000000,0x00000000bd26b810,0x00000000c4080000)
 Metaspace       used 86136K, committed 87808K, reserved 1179648K
  class space    used 8480K, committed 9344K, reserved 1048576K
GC Heap History (20 events):
Event: 172405.898 GC heap before
{Heap before GC invocations=2451 (full 5):
 PSYoungGen      total 6656K, used 6655K [0x00000000d5580000, 0x00000000d5f80000, 0x0000000100000000)
  eden space 6144K, 99% used [0x00000000d5580000,0x00000000d5b7fff8,0x00000000d5b80000)
  from space 512K, 99% used [0x00000000d5c80000,0x00000000d5cffe60,0x00000000d5d00000)
  to   space 2048K, 0% used [0x00000000d5d80000,0x00000000d5d80000,0x00000000d5f80000)
 ParOldGen       total 1114624K, used 1000287K [0x0000000080000000, 0x00000000c4080000, 0x00000000d5580000)
  object space 1114624K, 89% used [0x0000000080000000,0x00000000bd0d7cb8,0x00000000c4080000)
 Metaspace       used 86101K, committed 87808K, reserved 1179648K
  class space    used 8480K, committed 9344K, reserved 1048576K
}
Event: 172406.126 GC heap after
{Heap after GC invocations=2451 (full 5):
 PSYoungGen      total 6656K, used 448K [0x00000000d5580000, 0x00000000d5e00000, 0x0000000100000000)
  eden space 6144K, 0% used [0x00000000d5580000,0x00000000d5580000,0x00000000d5b80000)
  from space 512K, 87% used [0x00000000d5d80000,0x00000000d5df0000,0x00000000d5e00000)
  to   space 1024K, 0% used [0x00000000d5c00000,0x00000000d5c00000,0x00000000d5d00000)
 ParOldGen       total 1114624K, used 1000660K [0x0000000080000000, 0x00000000c4080000, 0x00000000d5580000)
  object space 1114624K, 89% used [0x0000000080000000,0x00000000bd135008,0x00000000c4080000)
 Metaspace       used 86101K, committed 87808K, reserved 1179648K
  class space    used 8480K, committed 9344K, reserved 1048576K
}
Event: 172407.481 GC heap before
{Heap before GC invocations=2452 (full 5):
 PSYoungGen      total 6656K, used 6592K [0x00000000d5580000, 0x00000000d5e00000, 0x0000000100000000)
  eden space 6144K, 100% used [0x00000000d5580000,0x00000000d5b80000,0x00000000d5b80000)
  from space 512K, 87% used [0x00000000d5d80000,0x00000000d5df0000,0x00000000d5e00000)
  to   space 1024K, 0% used [0x00000000d5c00000,0x00000000d5c00000,0x00000000d5d00000)
 ParOldGen       total 1114624K, used 1000660K [0x0000000080000000, 0x00000000c4080000, 0x00000000d5580000)
  object space 1114624K, 89% used [0x0000000080000000,0x00000000bd135008,0x00000000c4080000)
 Metaspace       used 86107K, committed 87808K, reserved 1179648K
  class space    used 8480K, committed 9344K, reserved 1048576K
}
Event: 172407.494 GC heap after
{Heap after GC invocations=2452 (full 5):
 PSYoungGen      total 7168K, used 505K [0x00000000d5580000, 0x00000000d5e00000, 0x0000000100000000)
  eden space 6144K, 0% used [0x00000000d5580000,0x00000000d5580000,0x00000000d5b80000)
  from space 1024K, 49% used [0x00000000d5c00000,0x00000000d5c7e410,0x00000000d5d00000)
  to   space 1024K, 0% used [0x00000000d5d00000,0x00000000d5d00000,0x00000000d5e00000)
 ParOldGen       total 1114624K, used 1000860K [0x0000000080000000, 0x00000000c4080000, 0x00000000d5580000)
  object space 1114624K, 89% used [0x0000000080000000,0x00000000bd167018,0x00000000c4080000)
 Metaspace       used 86107K, committed 87808K, reserved 1179648K
  class space    used 8480K, committed 9344K, reserved 1048576K
}
Event: 172407.972 GC heap before
{Heap before GC invocations=2453 (full 5):
 PSYoungGen      total 7168K, used 6649K [0x00000000d5580000, 0x00000000d5e00000, 0x0000000100000000)
  eden space 6144K, 100% used [0x00000000d5580000,0x00000000d5b80000,0x00000000d5b80000)
  from space 1024K, 49% used [0x00000000d5c00000,0x00000000d5c7e410,0x00000000d5d00000)
  to   space 1024K, 0% used [0x00000000d5d00000,0x00000000d5d00000,0x00000000d5e00000)
 ParOldGen       total 1114624K, used 1000860K [0x0000000080000000, 0x00000000c4080000, 0x00000000d5580000)
  object space 1114624K, 89% used [0x0000000080000000,0x00000000bd167018,0x00000000c4080000)
 Metaspace       used 86107K, committed 87808K, reserved 1179648K
  class space    used 8480K, committed 9344K, reserved 1048576K
}
Event: 172407.982 GC heap after
{Heap after GC invocations=2453 (full 5):
 PSYoungGen      total 7168K, used 698K [0x00000000d5580000, 0x00000000d5e00000, 0x0000000100000000)
  eden space 6144K, 0% used [0x00000000d5580000,0x00000000d5580000,0x00000000d5b80000)
  from space 1024K, 68% used [0x00000000d5d00000,0x00000000d5dae900,0x00000000d5e00000)
  to   space 1024K, 0% used [0x00000000d5c00000,0x00000000d5c00000,0x00000000d5d00000)
 ParOldGen       total 1114624K, used 1001104K [0x0000000080000000, 0x00000000c4080000, 0x00000000d5580000)
  object space 1114624K, 89% used [0x0000000080000000,0x00000000bd1a4218,0x00000000c4080000)
 Metaspace       used 86107K, committed 87808K, reserved 1179648K
  class space    used 8480K, committed 9344K, reserved 1048576K
}
Event: 172408.130 GC heap before
{Heap before GC invocations=2454 (full 5):
 PSYoungGen      total 7168K, used 6842K [0x00000000d5580000, 0x00000000d5e00000, 0x0000000100000000)
  eden space 6144K, 100% used [0x00000000d5580000,0x00000000d5b80000,0x00000000d5b80000)
  from space 1024K, 68% used [0x00000000d5d00000,0x00000000d5dae900,0x00000000d5e00000)
  to   space 1024K, 0% used [0x00000000d5c00000,0x00000000d5c00000,0x00000000d5d00000)
 ParOldGen       total 1114624K, used 1001104K [0x0000000080000000, 0x00000000c4080000, 0x00000000d5580000)
  object space 1114624K, 89% used [0x0000000080000000,0x00000000bd1a4218,0x00000000c4080000)
 Metaspace       used 86108K, committed 87808K, reserved 1179648K
  class space    used 8480K, committed 9344K, reserved 1048576K
}
Event: 172408.133 GC heap after
{Heap after GC invocations=2454 (full 5):
 PSYoungGen      total 6656K, used 484K [0x00000000d5580000, 0x00000000d5d80000, 0x0000000100000000)
  eden space 6144K, 0% used [0x00000000d5580000,0x00000000d5580000,0x00000000d5b80000)
  from space 512K, 94% used [0x00000000d5c00000,0x00000000d5c79210,0x00000000d5c80000)
  to   space 1024K, 0% used [0x00000000d5c80000,0x00000000d5c80000,0x00000000d5d80000)
 ParOldGen       total 1114624K, used 1001295K [0x0000000080000000, 0x00000000c4080000, 0x00000000d5580000)
  object space 1114624K, 89% used [0x0000000080000000,0x00000000bd1d3c88,0x00000000c4080000)
 Metaspace       used 86108K, committed 87808K, reserved 1179648K
  class space    used 8480K, committed 9344K, reserved 1048576K
}
Event: 172408.227 GC heap before
{Heap before GC invocations=2455 (full 5):
 PSYoungGen      total 6656K, used 6628K [0x00000000d5580000, 0x00000000d5d80000, 0x0000000100000000)
  eden space 6144K, 100% used [0x00000000d5580000,0x00000000d5b80000,0x00000000d5b80000)
  from space 512K, 94% used [0x00000000d5c00000,0x00000000d5c79210,0x00000000d5c80000)
  to   space 1024K, 0% used [0x00000000d5c80000,0x00000000d5c80000,0x00000000d5d80000)
 ParOldGen       total 1114624K, used 1001295K [0x0000000080000000, 0x00000000c4080000, 0x00000000d5580000)
  object space 1114624K, 89% used [0x0000000080000000,0x00000000bd1d3c88,0x00000000c4080000)
 Metaspace       used 86108K, committed 87808K, reserved 1179648K
  class space    used 8480K, committed 9344K, reserved 1048576K
}
Event: 172408.234 GC heap after
{Heap after GC invocations=2455 (full 5):
 PSYoungGen      total 6656K, used 324K [0x00000000d5580000, 0x00000000d5d00000, 0x0000000100000000)
  eden space 6144K, 0% used [0x00000000d5580000,0x00000000d5580000,0x00000000d5b80000)
  from space 512K, 63% used [0x00000000d5c80000,0x00000000d5cd1210,0x00000000d5d00000)
  to   space 512K, 0% used [0x00000000d5c00000,0x00000000d5c00000,0x00000000d5c80000)
 ParOldGen       total 1114624K, used 1001475K [0x0000000080000000, 0x00000000c4080000, 0x00000000d5580000)
  object space 1114624K, 89% used [0x0000000080000000,0x00000000bd200fd8,0x00000000c4080000)
 Metaspace       used 86108K, committed 87808K, reserved 1179648K
  class space    used 8480K, committed 9344K, reserved 1048576K
}
Event: 172408.274 GC heap before
{Heap before GC invocations=2456 (full 5):
 PSYoungGen      total 6656K, used 6468K [0x00000000d5580000, 0x00000000d5d00000, 0x0000000100000000)
  eden space 6144K, 100% used [0x00000000d5580000,0x00000000d5b80000,0x00000000d5b80000)
  from space 512K, 63% used [0x00000000d5c80000,0x00000000d5cd1210,0x00000000d5d00000)
  to   space 512K, 0% used [0x00000000d5c00000,0x00000000d5c00000,0x00000000d5c80000)
 ParOldGen       total 1114624K, used 1001475K [0x0000000080000000, 0x00000000c4080000, 0x00000000d5580000)
  object space 1114624K, 89% used [0x0000000080000000,0x00000000bd200fd8,0x00000000c4080000)
 Metaspace       used 86108K, committed 87808K, reserved 1179648K
  class space    used 8480K, committed 9344K, reserved 1048576K
}
Event: 172408.278 GC heap after
{Heap after GC invocations=2456 (full 5):
 PSYoungGen      total 6656K, used 506K [0x00000000d5580000, 0x00000000d5d80000, 0x0000000100000000)
  eden space 6144K, 0% used [0x00000000d5580000,0x00000000d5580000,0x00000000d5b80000)
  from space 512K, 98% used [0x00000000d5c00000,0x00000000d5c7e900,0x00000000d5c80000)
  to   space 1024K, 0% used [0x00000000d5c80000,0x00000000d5c80000,0x00000000d5d80000)
 ParOldGen       total 1114624K, used 1001539K [0x0000000080000000, 0x00000000c4080000, 0x00000000d5580000)
  object space 1114624K, 89% used [0x0000000080000000,0x00000000bd210fd8,0x00000000c4080000)
 Metaspace       used 86108K, committed 87808K, reserved 1179648K
  class space    used 8480K, committed 9344K, reserved 1048576K
}
Event: 172408.322 GC heap before
{Heap before GC invocations=2457 (full 5):
 PSYoungGen      total 6656K, used 6650K [0x00000000d5580000, 0x00000000d5d80000, 0x0000000100000000)
  eden space 6144K, 100% used [0x00000000d5580000,0x00000000d5b80000,0x00000000d5b80000)
  from space 512K, 98% used [0x00000000d5c00000,0x00000000d5c7e900,0x00000000d5c80000)
  to   space 1024K, 0% used [0x00000000d5c80000,0x00000000d5c80000,0x00000000d5d80000)
 ParOldGen       total 1114624K, used 1001539K [0x0000000080000000, 0x00000000c4080000, 0x00000000d5580000)
  object space 1114624K, 89% used [0x0000000080000000,0x00000000bd210fd8,0x00000000c4080000)
 Metaspace       used 86108K, committed 87808K, reserved 1179648K
  class space    used 8480K, committed 9344K, reserved 1048576K
}
Event: 172408.331 GC heap after
{Heap after GC invocations=2457 (full 5):
 PSYoungGen      total 7168K, used 692K [0x00000000d5580000, 0x00000000d5d80000, 0x0000000100000000)
  eden space 6144K, 0% used [0x00000000d5580000,0x00000000d5580000,0x00000000d5b80000)
  from space 1024K, 67% used [0x00000000d5c80000,0x00000000d5d2d200,0x00000000d5d80000)
  to   space 1024K, 0% used [0x00000000d5b80000,0x00000000d5b80000,0x00000000d5c80000)
 ParOldGen       total 1114624K, used 1001579K [0x0000000080000000, 0x00000000c4080000, 0x00000000d5580000)
  object space 1114624K, 89% used [0x0000000080000000,0x00000000bd21afd8,0x00000000c4080000)
 Metaspace       used 86108K, committed 87808K, reserved 1179648K
  class space    used 8480K, committed 9344K, reserved 1048576K
}
Event: 172408.543 GC heap before
{Heap before GC invocations=2458 (full 5):
 PSYoungGen      total 7168K, used 6836K [0x00000000d5580000, 0x00000000d5d80000, 0x0000000100000000)
  eden space 6144K, 100% used [0x00000000d5580000,0x00000000d5b80000,0x00000000d5b80000)
  from space 1024K, 67% used [0x00000000d5c80000,0x00000000d5d2d200,0x00000000d5d80000)
  to   space 1024K, 0% used [0x00000000d5b80000,0x00000000d5b80000,0x00000000d5c80000)
 ParOldGen       total 1114624K, used 1001579K [0x0000000080000000, 0x00000000c4080000, 0x00000000d5580000)
  object space 1114624K, 89% used [0x0000000080000000,0x00000000bd21afd8,0x00000000c4080000)
 Metaspace       used 86108K, committed 87808K, reserved 1179648K
  class space    used 8480K, committed 9344K, reserved 1048576K
}
Event: 172408.548 GC heap after
{Heap after GC invocations=2458 (full 5):
 PSYoungGen      total 7168K, used 696K [0x00000000d5580000, 0x00000000d5d80000, 0x0000000100000000)
  eden space 6144K, 0% used [0x00000000d5580000,0x00000000d5580000,0x00000000d5b80000)
  from space 1024K, 67% used [0x00000000d5b80000,0x00000000d5c2e138,0x00000000d5c80000)
  to   space 1024K, 0% used [0x00000000d5c80000,0x00000000d5c80000,0x00000000d5d80000)
 ParOldGen       total 1114624K, used 1001659K [0x0000000080000000, 0x00000000c4080000, 0x00000000d5580000)
  object space 1114624K, 89% used [0x0000000080000000,0x00000000bd22efd8,0x00000000c4080000)
 Metaspace       used 86108K, committed 87808K, reserved 1179648K
  class space    used 8480K, committed 9344K, reserved 1048576K
}
Event: 172408.635 GC heap before
{Heap before GC invocations=2459 (full 5):
 PSYoungGen      total 7168K, used 6840K [0x00000000d5580000, 0x00000000d5d80000, 0x0000000100000000)
  eden space 6144K, 100% used [0x00000000d5580000,0x00000000d5b80000,0x00000000d5b80000)
  from space 1024K, 67% used [0x00000000d5b80000,0x00000000d5c2e138,0x00000000d5c80000)
  to   space 1024K, 0% used [0x00000000d5c80000,0x00000000d5c80000,0x00000000d5d80000)
 ParOldGen       total 1114624K, used 1001659K [0x0000000080000000, 0x00000000c4080000, 0x00000000d5580000)
  object space 1114624K, 89% used [0x0000000080000000,0x00000000bd22efd8,0x00000000c4080000)
 Metaspace       used 86112K, committed 87808K, reserved 1179648K
  class space    used 8480K, committed 9344K, reserved 1048576K
}
Event: 172408.639 GC heap after
{Heap after GC invocations=2459 (full 5):
 PSYoungGen      total 7168K, used 532K [0x00000000d5580000, 0x00000000d5d80000, 0x0000000100000000)
  eden space 6144K, 0% used [0x00000000d5580000,0x00000000d5580000,0x00000000d5b80000)
  from space 1024K, 52% used [0x00000000d5c80000,0x00000000d5d05200,0x00000000d5d80000)
  to   space 1024K, 0% used [0x00000000d5b80000,0x00000000d5b80000,0x00000000d5c80000)
 ParOldGen       total 1114624K, used 1001894K [0x0000000080000000, 0x00000000c4080000, 0x00000000d5580000)
  object space 1114624K, 89% used [0x0000000080000000,0x00000000bd269810,0x00000000c4080000)
 Metaspace       used 86112K, committed 87808K, reserved 1179648K
  class space    used 8480K, committed 9344K, reserved 1048576K
}
Event: 172408.703 GC heap before
{Heap before GC invocations=2460 (full 5):
 PSYoungGen      total 7168K, used 6676K [0x00000000d5580000, 0x00000000d5d80000, 0x0000000100000000)
  eden space 6144K, 100% used [0x00000000d5580000,0x00000000d5b80000,0x00000000d5b80000)
  from space 1024K, 52% used [0x00000000d5c80000,0x00000000d5d05200,0x00000000d5d80000)
  to   space 1024K, 0% used [0x00000000d5b80000,0x00000000d5b80000,0x00000000d5c80000)
 ParOldGen       total 1114624K, used 1001894K [0x0000000080000000, 0x00000000c4080000, 0x00000000d5580000)
  object space 1114624K, 89% used [0x0000000080000000,0x00000000bd269810,0x00000000c4080000)
 Metaspace       used 86120K, committed 87808K, reserved 1179648K
  class space    used 8480K, committed 9344K, reserved 1048576K
}
Event: 172408.717 GC heap after
{Heap after GC invocations=2460 (full 5):
 PSYoungGen      total 7168K, used 192K [0x00000000d5580000, 0x00000000d5d00000, 0x0000000100000000)
  eden space 6144K, 0% used [0x00000000d5580000,0x00000000d5580000,0x00000000d5b80000)
  from space 1024K, 18% used [0x00000000d5b80000,0x00000000d5bb0000,0x00000000d5c80000)
  to   space 512K, 0% used [0x00000000d5c80000,0x00000000d5c80000,0x00000000d5d00000)
 ParOldGen       total 1114624K, used 1001902K [0x0000000080000000, 0x00000000c4080000, 0x00000000d5580000)
  object space 1114624K, 89% used [0x0000000080000000,0x00000000bd26b810,0x00000000c4080000)
 Metaspace       used 86120K, committed 87808K, reserved 1179648K
  class space    used 8480K, committed 9344K, reserved 1048576K
}

